# JRE version: Java(TM) SE Runtime Environment (8.0_351-b10) (build 1.8.0_351-b10)
# Java VM: Java HotSpot(TM) 64-Bit Server VM (25.351-b10 mixed mode windows-amd64 compressed oops)
Heap:
 PSYoungGen      total 158208K, used 115875K [0x000000076be00000, 0x0000000777180000, 0x00000007c0000000)
  eden space 142848K, 74% used [0x000000076be00000,0x0000000772597248,0x0000000774980000)
  from space 15360K, 63% used [0x0000000774980000,0x0000000775311b30,0x0000000775880000)
  to   space 15360K, 0% used [0x0000000775880000,0x0000000775880000,0x0000000776780000)
 ParOldGen       total 154112K, used 21211K [0x00000006c3a00000, 0x00000006cd080000, 0x000000076be00000)
  object space 154112K, 13% used [0x00000006c3a00000,0x00000006c4eb6de0,0x00000006cd080000)
 Metaspace       used 41169K, capacity 42592K, committed 42664K, reserved 1085440K
  class space    used 5483K, capacity 5772K, committed 5808K, reserved 1048576K
GC Heap History (10 events):
Event: 5.348 GC heap before
{Heap before GC invocations=7 (full 1):
 PSYoungGen      total 75776K, used 72066K [0x000000076be00000, 0x0000000773100000, 0x00000007c0000000)
  eden space 65024K, 100% used [0x000000076be00000,0x000000076fd80000,0x000000076fd80000)
  from space 10752K, 65% used [0x000000076fd80000,0x0000000770460890,0x0000000770800000)
  to   space 11264K, 0% used [0x0000000772600000,0x0000000772600000,0x0000000773100000)
 ParOldGen       total 103424K, used 9878K [0x00000006c3a00000, 0x00000006c9f00000, 0x000000076be00000)
  object space 103424K, 9% used [0x00000006c3a00000,0x00000006c43a5ad0,0x00000006c9f00000)
 Metaspace       used 28107K, capacity 29248K, committed 29488K, reserved 1075200K
  class space    used 3770K, capacity 4044K, committed 4144K, reserved 1048576K
Event: 5.354 GC heap after
Heap after GC invocations=7 (full 1):
 PSYoungGen      total 105472K, used 11063K [0x000000076be00000, 0x0000000773a80000, 0x00000007c0000000)
  eden space 94208K, 0% used [0x000000076be00000,0x000000076be00000,0x0000000771a00000)
  from space 11264K, 98% used [0x0000000772600000,0x00000007730cdd60,0x0000000773100000)
  to   space 12288K, 0% used [0x0000000771a00000,0x0000000771a00000,0x0000000772600000)
 ParOldGen       total 103424K, used 9886K [0x00000006c3a00000, 0x00000006c9f00000, 0x000000076be00000)
  object space 103424K, 9% used [0x00000006c3a00000,0x00000006c43a7ad0,0x00000006c9f00000)
 Metaspace       used 28107K, capacity 29248K, committed 29488K, reserved 1075200K
  class space    used 3770K, capacity 4044K, committed 4144K, reserved 1048576K
}
Event: 10.870 GC heap before
{Heap before GC invocations=8 (full 1):
 PSYoungGen      total 105472K, used 69954K [0x000000076be00000, 0x0000000773a80000, 0x00000007c0000000)
  eden space 94208K, 62% used [0x000000076be00000,0x000000076f782c10,0x0000000771a00000)
  from space 11264K, 98% used [0x0000000772600000,0x00000007730cdd60,0x0000000773100000)
  to   space 12288K, 0% used [0x0000000771a00000,0x0000000771a00000,0x0000000772600000)
 ParOldGen       total 103424K, used 9886K [0x00000006c3a00000, 0x00000006c9f00000, 0x000000076be00000)
  object space 103424K, 9% used [0x00000006c3a00000,0x00000006c43a7ad0,0x00000006c9f00000)
 Metaspace       used 34202K, capacity 35386K, committed 35496K, reserved 1079296K
  class space    used 4499K, capacity 4761K, committed 4784K, reserved 1048576K
Event: 10.876 GC heap after
Heap after GC invocations=8 (full 1):
 PSYoungGen      total 106496K, used 12280K [0x000000076be00000, 0x0000000776780000, 0x00000007c0000000)
  eden space 94208K, 0% used [0x000000076be00000,0x000000076be00000,0x0000000771a00000)
  from space 12288K, 99% used [0x0000000771a00000,0x00000007725fe330,0x0000000772600000)
  to   space 15360K, 0% used [0x0000000775880000,0x0000000775880000,0x0000000776780000)
 ParOldGen       total 103424K, used 12649K [0x00000006c3a00000, 0x00000006c9f00000, 0x000000076be00000)
  object space 103424K, 12% used [0x00000006c3a00000,0x00000006c465a510,0x00000006c9f00000)
 Metaspace       used 34202K, capacity 35386K, committed 35496K, reserved 1079296K
  class space    used 4499K, capacity 4761K, committed 4784K, reserved 1048576K
}
Event: 10.876 GC heap before
{Heap before GC invocations=9 (full 2):
 PSYoungGen      total 106496K, used 12280K [0x000000076be00000, 0x0000000776780000, 0x00000007c0000000)
  eden space 94208K, 0% used [0x000000076be00000,0x000000076be00000,0x0000000771a00000)
  from space 12288K, 99% used [0x0000000771a00000,0x00000007725fe330,0x0000000772600000)
  to   space 15360K, 0% used [0x0000000775880000,0x0000000775880000,0x0000000776780000)
 ParOldGen       total 103424K, used 12649K [0x00000006c3a00000, 0x00000006c9f00000, 0x000000076be00000)
  object space 103424K, 12% used [0x00000006c3a00000,0x00000006c465a510,0x00000006c9f00000)
 Metaspace       used 34202K, capacity 35386K, committed 35496K, reserved 1079296K
  class space    used 4499K, capacity 4761K, committed 4784K, reserved 1048576K
Event: 10.903 GC heap after
Heap after GC invocations=9 (full 2):
 PSYoungGen      total 106496K, used 0K [0x000000076be00000, 0x0000000776780000, 0x00000007c0000000)
  eden space 94208K, 0% used [0x000000076be00000,0x000000076be00000,0x0000000771a00000)
  from space 12288K, 0% used [0x0000000771a00000,0x0000000771a00000,0x0000000772600000)
  to   space 15360K, 0% used [0x0000000775880000,0x0000000775880000,0x0000000776780000)
 ParOldGen       total 154112K, used 21195K [0x00000006c3a00000, 0x00000006cd080000, 0x000000076be00000)
  object space 154112K, 13% used [0x00000006c3a00000,0x00000006c4eb2de0,0x00000006cd080000)
 Metaspace       used 34202K, capacity 35386K, committed 35496K, reserved 1079296K
  class space    used 4499K, capacity 4761K, committed 4784K, reserved 1048576K
}
Event: 11.156 GC heap before
{Heap before GC invocations=10 (full 2):
 PSYoungGen      total 106496K, used 94208K [0x000000076be00000, 0x0000000776780000, 0x00000007c0000000)
  eden space 94208K, 100% used [0x000000076be00000,0x0000000771a00000,0x0000000771a00000)
  from space 12288K, 0% used [0x0000000771a00000,0x0000000771a00000,0x0000000772600000)
  to   space 15360K, 0% used [0x0000000775880000,0x0000000775880000,0x0000000776780000)
 ParOldGen       total 154112K, used 21195K [0x00000006c3a00000, 0x00000006cd080000, 0x000000076be00000)
  object space 154112K, 13% used [0x00000006c3a00000,0x00000006c4eb2de0,0x00000006cd080000)
 Metaspace       used 36068K, capacity 37368K, committed 37544K, reserved 1081344K
  class space    used 4750K, capacity 5016K, committed 5040K, reserved 1048576K
Event: 11.159 GC heap after
Heap after GC invocations=10 (full 2):
 PSYoungGen      total 158208K, used 5266K [0x000000076be00000, 0x0000000777180000, 0x00000007c0000000)
  eden space 142848K, 0% used [0x000000076be00000,0x000000076be00000,0x0000000774980000)
  from space 15360K, 34% used [0x0000000775880000,0x0000000775da4a20,0x0000000776780000)
  to   space 15360K, 0% used [0x0000000774980000,0x0000000774980000,0x0000000775880000)
 ParOldGen       total 154112K, used 21203K [0x00000006c3a00000, 0x00000006cd080000, 0x000000076be00000)
  object space 154112K, 13% used [0x00000006c3a00000,0x00000006c4eb4de0,0x00000006cd080000)
 Metaspace       used 36068K, capacity 37368K, committed 37544K, reserved 1081344K
  class space    used 4750K, capacity 5016K, committed 5040K, reserved 1048576K
}
Event: 11.613 GC heap before
{Heap before GC invocations=11 (full 2):
 PSYoungGen      total 158208K, used 148114K [0x000000076be00000, 0x0000000777180000, 0x00000007c0000000)
  eden space 142848K, 100% used [0x000000076be00000,0x0000000774980000,0x0000000774980000)
  from space 15360K, 34% used [0x0000000775880000,0x0000000775da4a20,0x0000000776780000)
  to   space 15360K, 0% used [0x0000000774980000,0x0000000774980000,0x0000000775880000)
 ParOldGen       total 154112K, used 21203K [0x00000006c3a00000, 0x00000006cd080000, 0x000000076be00000)
  object space 154112K, 13% used [0x00000006c3a00000,0x00000006c4eb4de0,0x00000006cd080000)
 Metaspace       used 39317K, capacity 40700K, committed 40872K, reserved 1085440K
  class space    used 5261K, capacity 5550K, committed 5552K, reserved 1048576K
Event: 11.619 GC heap after
Heap after GC invocations=11 (full 2):
 PSYoungGen      total 158208K, used 9798K [0x000000076be00000, 0x0000000777180000, 0x00000007c0000000)
  eden space 142848K, 0% used [0x000000076be00000,0x000000076be00000,0x0000000774980000)
  from space 15360K, 63% used [0x0000000774980000,0x0000000775311b30,0x0000000775880000)
  to   space 15360K, 0% used [0x0000000775880000,0x0000000775880000,0x0000000776780000)
 ParOldGen       total 154112K, used 21211K [0x00000006c3a00000, 0x00000006cd080000, 0x000000076be00000)
  object space 154112K, 13% used [0x00000006c3a00000,0x00000006c4eb6de0,0x00000006cd080000)
 Metaspace       used 39317K, capacity 40700K, committed 40872K, reserved 1085440K
  class space    used 5261K, capacity 5550K, committed 5552K, reserved 1048576K
}

